d:\myrenderer\myrenderer\myrenderer\debug\vc110.pdb
d:\myrenderer\myrenderer\myrenderer\debug\main.obj
d:\myrenderer\myrenderer\myrenderer\debug\myrender.obj
d:\myrenderer\myrenderer\myrenderer\debug\myrmath.obj
d:\myrenderer\myrenderer\debug\myrenderer.ilk
d:\myrenderer\myrenderer\debug\myrenderer.exe
d:\myrenderer\myrenderer\debug\myrenderer.pdb
c:\projects\myrenderer\myrenderer\myrenderer\debug\vc140.pdb
c:\projects\myrenderer\myrenderer\myrenderer\debug\vc140.idb
c:\projects\myrenderer\myrenderer\myrenderer\debug\main.obj
c:\projects\myrenderer\myrenderer\myrenderer\debug\myrender.obj
c:\projects\myrenderer\myrenderer\myrenderer\debug\myrmath.obj
c:\projects\myrenderer\myrenderer\myrenderer\debug\cl.command.1.tlog
c:\projects\myrenderer\myrenderer\myrenderer\debug\cl.read.1.tlog
c:\projects\myrenderer\myrenderer\myrenderer\debug\cl.write.1.tlog
c:\projects\myrenderer\myrenderer\myrenderer\debug\link-cvtres.read.1.tlog
c:\projects\myrenderer\myrenderer\myrenderer\debug\link-cvtres.write.1.tlog
c:\projects\myrenderer\myrenderer\myrenderer\debug\link-rc.read.1.tlog
c:\projects\myrenderer\myrenderer\myrenderer\debug\link-rc.write.1.tlog
c:\projects\myrenderer\myrenderer\myrenderer\debug\link.10324-cvtres.read.1.tlog
c:\projects\myrenderer\myrenderer\myrenderer\debug\link.10324-cvtres.write.1.tlog
c:\projects\myrenderer\myrenderer\myrenderer\debug\link.10324-rc.read.1.tlog
c:\projects\myrenderer\myrenderer\myrenderer\debug\link.10324-rc.write.1.tlog
c:\projects\myrenderer\myrenderer\myrenderer\debug\link.10324.read.1.tlog
c:\projects\myrenderer\myrenderer\myrenderer\debug\link.10324.write.1.tlog
c:\projects\myrenderer\myrenderer\myrenderer\debug\link.11156-cvtres.read.1.tlog
c:\projects\myrenderer\myrenderer\myrenderer\debug\link.11156-cvtres.write.1.tlog
c:\projects\myrenderer\myrenderer\myrenderer\debug\link.11156-rc.read.1.tlog
c:\projects\myrenderer\myrenderer\myrenderer\debug\link.11156-rc.write.1.tlog
c:\projects\myrenderer\myrenderer\myrenderer\debug\link.11156.read.1.tlog
c:\projects\myrenderer\myrenderer\myrenderer\debug\link.11156.write.1.tlog
c:\projects\myrenderer\myrenderer\myrenderer\debug\link.1124-cvtres.read.1.tlog
c:\projects\myrenderer\myrenderer\myrenderer\debug\link.1124-cvtres.write.1.tlog
c:\projects\myrenderer\myrenderer\myrenderer\debug\link.1124-rc.read.1.tlog
c:\projects\myrenderer\myrenderer\myrenderer\debug\link.1124-rc.write.1.tlog
c:\projects\myrenderer\myrenderer\myrenderer\debug\link.1124.read.1.tlog
c:\projects\myrenderer\myrenderer\myrenderer\debug\link.1124.write.1.tlog
c:\projects\myrenderer\myrenderer\myrenderer\debug\link.1168-cvtres.read.1.tlog
c:\projects\myrenderer\myrenderer\myrenderer\debug\link.1168-cvtres.write.1.tlog
c:\projects\myrenderer\myrenderer\myrenderer\debug\link.1168-rc.read.1.tlog
c:\projects\myrenderer\myrenderer\myrenderer\debug\link.1168-rc.write.1.tlog
c:\projects\myrenderer\myrenderer\myrenderer\debug\link.1168.read.1.tlog
c:\projects\myrenderer\myrenderer\myrenderer\debug\link.1168.write.1.tlog
c:\projects\myrenderer\myrenderer\myrenderer\debug\link.1328-cvtres.read.1.tlog
c:\projects\myrenderer\myrenderer\myrenderer\debug\link.1328-cvtres.write.1.tlog
c:\projects\myrenderer\myrenderer\myrenderer\debug\link.1328-rc.read.1.tlog
c:\projects\myrenderer\myrenderer\myrenderer\debug\link.1328-rc.write.1.tlog
c:\projects\myrenderer\myrenderer\myrenderer\debug\link.1328.read.1.tlog
c:\projects\myrenderer\myrenderer\myrenderer\debug\link.1328.write.1.tlog
c:\projects\myrenderer\myrenderer\myrenderer\debug\link.1788-cvtres.read.1.tlog
c:\projects\myrenderer\myrenderer\myrenderer\debug\link.1788-cvtres.write.1.tlog
c:\projects\myrenderer\myrenderer\myrenderer\debug\link.1788-rc.read.1.tlog
c:\projects\myrenderer\myrenderer\myrenderer\debug\link.1788-rc.write.1.tlog
c:\projects\myrenderer\myrenderer\myrenderer\debug\link.1788.read.1.tlog
c:\projects\myrenderer\myrenderer\myrenderer\debug\link.1788.write.1.tlog
c:\projects\myrenderer\myrenderer\myrenderer\debug\link.2160-cvtres.read.1.tlog
c:\projects\myrenderer\myrenderer\myrenderer\debug\link.2160-cvtres.write.1.tlog
c:\projects\myrenderer\myrenderer\myrenderer\debug\link.2160-rc.read.1.tlog
c:\projects\myrenderer\myrenderer\myrenderer\debug\link.2160-rc.write.1.tlog
c:\projects\myrenderer\myrenderer\myrenderer\debug\link.2160.read.1.tlog
c:\projects\myrenderer\myrenderer\myrenderer\debug\link.2160.write.1.tlog
c:\projects\myrenderer\myrenderer\myrenderer\debug\link.320-cvtres.read.1.tlog
c:\projects\myrenderer\myrenderer\myrenderer\debug\link.320-cvtres.write.1.tlog
c:\projects\myrenderer\myrenderer\myrenderer\debug\link.320-rc.read.1.tlog
c:\projects\myrenderer\myrenderer\myrenderer\debug\link.320-rc.write.1.tlog
c:\projects\myrenderer\myrenderer\myrenderer\debug\link.320.read.1.tlog
c:\projects\myrenderer\myrenderer\myrenderer\debug\link.320.write.1.tlog
c:\projects\myrenderer\myrenderer\myrenderer\debug\link.3240-cvtres.read.1.tlog
c:\projects\myrenderer\myrenderer\myrenderer\debug\link.3240-cvtres.write.1.tlog
c:\projects\myrenderer\myrenderer\myrenderer\debug\link.3240-rc.read.1.tlog
c:\projects\myrenderer\myrenderer\myrenderer\debug\link.3240-rc.write.1.tlog
c:\projects\myrenderer\myrenderer\myrenderer\debug\link.3240.read.1.tlog
c:\projects\myrenderer\myrenderer\myrenderer\debug\link.3240.write.1.tlog
c:\projects\myrenderer\myrenderer\myrenderer\debug\link.3468-cvtres.read.1.tlog
c:\projects\myrenderer\myrenderer\myrenderer\debug\link.3468-cvtres.write.1.tlog
c:\projects\myrenderer\myrenderer\myrenderer\debug\link.3468-rc.read.1.tlog
c:\projects\myrenderer\myrenderer\myrenderer\debug\link.3468-rc.write.1.tlog
c:\projects\myrenderer\myrenderer\myrenderer\debug\link.3468.read.1.tlog
c:\projects\myrenderer\myrenderer\myrenderer\debug\link.3468.write.1.tlog
c:\projects\myrenderer\myrenderer\myrenderer\debug\link.3552-cvtres.read.1.tlog
c:\projects\myrenderer\myrenderer\myrenderer\debug\link.3552-cvtres.write.1.tlog
c:\projects\myrenderer\myrenderer\myrenderer\debug\link.3552-rc.read.1.tlog
c:\projects\myrenderer\myrenderer\myrenderer\debug\link.3552-rc.write.1.tlog
c:\projects\myrenderer\myrenderer\myrenderer\debug\link.3552.read.1.tlog
c:\projects\myrenderer\myrenderer\myrenderer\debug\link.3552.write.1.tlog
c:\projects\myrenderer\myrenderer\myrenderer\debug\link.3568-cvtres.read.1.tlog
c:\projects\myrenderer\myrenderer\myrenderer\debug\link.3568-cvtres.write.1.tlog
c:\projects\myrenderer\myrenderer\myrenderer\debug\link.3568-rc.read.1.tlog
c:\projects\myrenderer\myrenderer\myrenderer\debug\link.3568-rc.write.1.tlog
c:\projects\myrenderer\myrenderer\myrenderer\debug\link.3568.read.1.tlog
c:\projects\myrenderer\myrenderer\myrenderer\debug\link.3568.write.1.tlog
c:\projects\myrenderer\myrenderer\myrenderer\debug\link.3672-cvtres.read.1.tlog
c:\projects\myrenderer\myrenderer\myrenderer\debug\link.3672-cvtres.write.1.tlog
c:\projects\myrenderer\myrenderer\myrenderer\debug\link.3672-rc.read.1.tlog
c:\projects\myrenderer\myrenderer\myrenderer\debug\link.3672-rc.write.1.tlog
c:\projects\myrenderer\myrenderer\myrenderer\debug\link.3672.read.1.tlog
c:\projects\myrenderer\myrenderer\myrenderer\debug\link.3672.write.1.tlog
c:\projects\myrenderer\myrenderer\myrenderer\debug\link.3676-cvtres.read.1.tlog
c:\projects\myrenderer\myrenderer\myrenderer\debug\link.3676-cvtres.write.1.tlog
c:\projects\myrenderer\myrenderer\myrenderer\debug\link.3676-rc.read.1.tlog
c:\projects\myrenderer\myrenderer\myrenderer\debug\link.3676-rc.write.1.tlog
c:\projects\myrenderer\myrenderer\myrenderer\debug\link.3676.read.1.tlog
c:\projects\myrenderer\myrenderer\myrenderer\debug\link.3676.write.1.tlog
c:\projects\myrenderer\myrenderer\myrenderer\debug\link.3924-cvtres.read.1.tlog
c:\projects\myrenderer\myrenderer\myrenderer\debug\link.3924-cvtres.write.1.tlog
c:\projects\myrenderer\myrenderer\myrenderer\debug\link.3924-rc.read.1.tlog
c:\projects\myrenderer\myrenderer\myrenderer\debug\link.3924-rc.write.1.tlog
c:\projects\myrenderer\myrenderer\myrenderer\debug\link.3924.read.1.tlog
c:\projects\myrenderer\myrenderer\myrenderer\debug\link.3924.write.1.tlog
c:\projects\myrenderer\myrenderer\myrenderer\debug\link.4356-cvtres.read.1.tlog
c:\projects\myrenderer\myrenderer\myrenderer\debug\link.4356-cvtres.write.1.tlog
c:\projects\myrenderer\myrenderer\myrenderer\debug\link.4356-rc.read.1.tlog
c:\projects\myrenderer\myrenderer\myrenderer\debug\link.4356-rc.write.1.tlog
c:\projects\myrenderer\myrenderer\myrenderer\debug\link.4356.read.1.tlog
c:\projects\myrenderer\myrenderer\myrenderer\debug\link.4356.write.1.tlog
c:\projects\myrenderer\myrenderer\myrenderer\debug\link.4456-cvtres.read.1.tlog
c:\projects\myrenderer\myrenderer\myrenderer\debug\link.4456-cvtres.write.1.tlog
c:\projects\myrenderer\myrenderer\myrenderer\debug\link.4456-rc.read.1.tlog
c:\projects\myrenderer\myrenderer\myrenderer\debug\link.4456-rc.write.1.tlog
c:\projects\myrenderer\myrenderer\myrenderer\debug\link.4456.read.1.tlog
c:\projects\myrenderer\myrenderer\myrenderer\debug\link.4456.write.1.tlog
c:\projects\myrenderer\myrenderer\myrenderer\debug\link.4492-cvtres.read.1.tlog
c:\projects\myrenderer\myrenderer\myrenderer\debug\link.4492-cvtres.write.1.tlog
c:\projects\myrenderer\myrenderer\myrenderer\debug\link.4492-rc.read.1.tlog
c:\projects\myrenderer\myrenderer\myrenderer\debug\link.4492-rc.write.1.tlog
c:\projects\myrenderer\myrenderer\myrenderer\debug\link.4492.read.1.tlog
c:\projects\myrenderer\myrenderer\myrenderer\debug\link.4492.write.1.tlog
c:\projects\myrenderer\myrenderer\myrenderer\debug\link.4536-cvtres.read.1.tlog
c:\projects\myrenderer\myrenderer\myrenderer\debug\link.4536-cvtres.write.1.tlog
c:\projects\myrenderer\myrenderer\myrenderer\debug\link.4536-rc.read.1.tlog
c:\projects\myrenderer\myrenderer\myrenderer\debug\link.4536-rc.write.1.tlog
c:\projects\myrenderer\myrenderer\myrenderer\debug\link.4536.read.1.tlog
c:\projects\myrenderer\myrenderer\myrenderer\debug\link.4536.write.1.tlog
c:\projects\myrenderer\myrenderer\myrenderer\debug\link.4952-cvtres.read.1.tlog
c:\projects\myrenderer\myrenderer\myrenderer\debug\link.4952-cvtres.write.1.tlog
c:\projects\myrenderer\myrenderer\myrenderer\debug\link.4952-rc.read.1.tlog
c:\projects\myrenderer\myrenderer\myrenderer\debug\link.4952-rc.write.1.tlog
c:\projects\myrenderer\myrenderer\myrenderer\debug\link.4952.read.1.tlog
c:\projects\myrenderer\myrenderer\myrenderer\debug\link.4952.write.1.tlog
c:\projects\myrenderer\myrenderer\myrenderer\debug\link.4996-cvtres.read.1.tlog
c:\projects\myrenderer\myrenderer\myrenderer\debug\link.4996-cvtres.write.1.tlog
c:\projects\myrenderer\myrenderer\myrenderer\debug\link.4996-rc.read.1.tlog
c:\projects\myrenderer\myrenderer\myrenderer\debug\link.4996-rc.write.1.tlog
c:\projects\myrenderer\myrenderer\myrenderer\debug\link.4996.read.1.tlog
c:\projects\myrenderer\myrenderer\myrenderer\debug\link.4996.write.1.tlog
c:\projects\myrenderer\myrenderer\myrenderer\debug\link.5048-cvtres.read.1.tlog
c:\projects\myrenderer\myrenderer\myrenderer\debug\link.5048-cvtres.write.1.tlog
c:\projects\myrenderer\myrenderer\myrenderer\debug\link.5048-rc.read.1.tlog
c:\projects\myrenderer\myrenderer\myrenderer\debug\link.5048-rc.write.1.tlog
c:\projects\myrenderer\myrenderer\myrenderer\debug\link.5048.read.1.tlog
c:\projects\myrenderer\myrenderer\myrenderer\debug\link.5048.write.1.tlog
c:\projects\myrenderer\myrenderer\myrenderer\debug\link.5148-cvtres.read.1.tlog
c:\projects\myrenderer\myrenderer\myrenderer\debug\link.5148-cvtres.write.1.tlog
c:\projects\myrenderer\myrenderer\myrenderer\debug\link.5148-rc.read.1.tlog
c:\projects\myrenderer\myrenderer\myrenderer\debug\link.5148-rc.write.1.tlog
c:\projects\myrenderer\myrenderer\myrenderer\debug\link.5148.read.1.tlog
c:\projects\myrenderer\myrenderer\myrenderer\debug\link.5148.write.1.tlog
c:\projects\myrenderer\myrenderer\myrenderer\debug\link.5204-cvtres.read.1.tlog
c:\projects\myrenderer\myrenderer\myrenderer\debug\link.5204-cvtres.write.1.tlog
c:\projects\myrenderer\myrenderer\myrenderer\debug\link.5204-rc.read.1.tlog
c:\projects\myrenderer\myrenderer\myrenderer\debug\link.5204-rc.write.1.tlog
c:\projects\myrenderer\myrenderer\myrenderer\debug\link.5204.read.1.tlog
c:\projects\myrenderer\myrenderer\myrenderer\debug\link.5204.write.1.tlog
c:\projects\myrenderer\myrenderer\myrenderer\debug\link.5504-cvtres.read.1.tlog
c:\projects\myrenderer\myrenderer\myrenderer\debug\link.5504-cvtres.write.1.tlog
c:\projects\myrenderer\myrenderer\myrenderer\debug\link.5504-rc.read.1.tlog
c:\projects\myrenderer\myrenderer\myrenderer\debug\link.5504-rc.write.1.tlog
c:\projects\myrenderer\myrenderer\myrenderer\debug\link.5504.read.1.tlog
c:\projects\myrenderer\myrenderer\myrenderer\debug\link.5504.write.1.tlog
c:\projects\myrenderer\myrenderer\myrenderer\debug\link.5548-cvtres.read.1.tlog
c:\projects\myrenderer\myrenderer\myrenderer\debug\link.5548-cvtres.write.1.tlog
c:\projects\myrenderer\myrenderer\myrenderer\debug\link.5548-rc.read.1.tlog
c:\projects\myrenderer\myrenderer\myrenderer\debug\link.5548-rc.write.1.tlog
c:\projects\myrenderer\myrenderer\myrenderer\debug\link.5548.read.1.tlog
c:\projects\myrenderer\myrenderer\myrenderer\debug\link.5548.write.1.tlog
c:\projects\myrenderer\myrenderer\myrenderer\debug\link.5652-cvtres.read.1.tlog
c:\projects\myrenderer\myrenderer\myrenderer\debug\link.5652-cvtres.write.1.tlog
c:\projects\myrenderer\myrenderer\myrenderer\debug\link.5652-rc.read.1.tlog
c:\projects\myrenderer\myrenderer\myrenderer\debug\link.5652-rc.write.1.tlog
c:\projects\myrenderer\myrenderer\myrenderer\debug\link.5652.read.1.tlog
c:\projects\myrenderer\myrenderer\myrenderer\debug\link.5652.write.1.tlog
c:\projects\myrenderer\myrenderer\myrenderer\debug\link.5712-cvtres.read.1.tlog
c:\projects\myrenderer\myrenderer\myrenderer\debug\link.5712-cvtres.write.1.tlog
c:\projects\myrenderer\myrenderer\myrenderer\debug\link.5712-rc.read.1.tlog
c:\projects\myrenderer\myrenderer\myrenderer\debug\link.5712-rc.write.1.tlog
c:\projects\myrenderer\myrenderer\myrenderer\debug\link.5712.read.1.tlog
c:\projects\myrenderer\myrenderer\myrenderer\debug\link.5712.write.1.tlog
c:\projects\myrenderer\myrenderer\myrenderer\debug\link.6148-cvtres.read.1.tlog
c:\projects\myrenderer\myrenderer\myrenderer\debug\link.6148-cvtres.write.1.tlog
c:\projects\myrenderer\myrenderer\myrenderer\debug\link.6148-rc.read.1.tlog
c:\projects\myrenderer\myrenderer\myrenderer\debug\link.6148-rc.write.1.tlog
c:\projects\myrenderer\myrenderer\myrenderer\debug\link.6148.read.1.tlog
c:\projects\myrenderer\myrenderer\myrenderer\debug\link.6148.write.1.tlog
c:\projects\myrenderer\myrenderer\myrenderer\debug\link.6196-cvtres.read.1.tlog
c:\projects\myrenderer\myrenderer\myrenderer\debug\link.6196-cvtres.write.1.tlog
c:\projects\myrenderer\myrenderer\myrenderer\debug\link.6196-rc.read.1.tlog
c:\projects\myrenderer\myrenderer\myrenderer\debug\link.6196-rc.write.1.tlog
c:\projects\myrenderer\myrenderer\myrenderer\debug\link.6196.read.1.tlog
c:\projects\myrenderer\myrenderer\myrenderer\debug\link.6196.write.1.tlog
c:\projects\myrenderer\myrenderer\myrenderer\debug\link.6232-cvtres.read.1.tlog
c:\projects\myrenderer\myrenderer\myrenderer\debug\link.6232-cvtres.write.1.tlog
c:\projects\myrenderer\myrenderer\myrenderer\debug\link.6232-rc.read.1.tlog
c:\projects\myrenderer\myrenderer\myrenderer\debug\link.6232-rc.write.1.tlog
c:\projects\myrenderer\myrenderer\myrenderer\debug\link.6232.read.1.tlog
c:\projects\myrenderer\myrenderer\myrenderer\debug\link.6232.write.1.tlog
c:\projects\myrenderer\myrenderer\myrenderer\debug\link.6256-cvtres.read.1.tlog
c:\projects\myrenderer\myrenderer\myrenderer\debug\link.6256-cvtres.write.1.tlog
c:\projects\myrenderer\myrenderer\myrenderer\debug\link.6256-rc.read.1.tlog
c:\projects\myrenderer\myrenderer\myrenderer\debug\link.6256-rc.write.1.tlog
c:\projects\myrenderer\myrenderer\myrenderer\debug\link.6256.read.1.tlog
c:\projects\myrenderer\myrenderer\myrenderer\debug\link.6256.write.1.tlog
c:\projects\myrenderer\myrenderer\myrenderer\debug\link.6296-cvtres.read.1.tlog
c:\projects\myrenderer\myrenderer\myrenderer\debug\link.6296-cvtres.write.1.tlog
c:\projects\myrenderer\myrenderer\myrenderer\debug\link.6296-rc.read.1.tlog
c:\projects\myrenderer\myrenderer\myrenderer\debug\link.6296-rc.write.1.tlog
c:\projects\myrenderer\myrenderer\myrenderer\debug\link.6296.read.1.tlog
c:\projects\myrenderer\myrenderer\myrenderer\debug\link.6296.write.1.tlog
c:\projects\myrenderer\myrenderer\myrenderer\debug\link.6344-cvtres.read.1.tlog
c:\projects\myrenderer\myrenderer\myrenderer\debug\link.6344-cvtres.write.1.tlog
c:\projects\myrenderer\myrenderer\myrenderer\debug\link.6344-rc.read.1.tlog
c:\projects\myrenderer\myrenderer\myrenderer\debug\link.6344-rc.write.1.tlog
c:\projects\myrenderer\myrenderer\myrenderer\debug\link.6344.read.1.tlog
c:\projects\myrenderer\myrenderer\myrenderer\debug\link.6344.write.1.tlog
c:\projects\myrenderer\myrenderer\myrenderer\debug\link.6408-cvtres.read.1.tlog
c:\projects\myrenderer\myrenderer\myrenderer\debug\link.6408-cvtres.write.1.tlog
c:\projects\myrenderer\myrenderer\myrenderer\debug\link.6408-rc.read.1.tlog
c:\projects\myrenderer\myrenderer\myrenderer\debug\link.6408-rc.write.1.tlog
c:\projects\myrenderer\myrenderer\myrenderer\debug\link.6408.read.1.tlog
c:\projects\myrenderer\myrenderer\myrenderer\debug\link.6408.write.1.tlog
c:\projects\myrenderer\myrenderer\myrenderer\debug\link.6480-cvtres.read.1.tlog
c:\projects\myrenderer\myrenderer\myrenderer\debug\link.6480-cvtres.write.1.tlog
c:\projects\myrenderer\myrenderer\myrenderer\debug\link.6480-rc.read.1.tlog
c:\projects\myrenderer\myrenderer\myrenderer\debug\link.6480-rc.write.1.tlog
c:\projects\myrenderer\myrenderer\myrenderer\debug\link.6480.read.1.tlog
c:\projects\myrenderer\myrenderer\myrenderer\debug\link.6480.write.1.tlog
c:\projects\myrenderer\myrenderer\myrenderer\debug\link.6568-cvtres.read.1.tlog
c:\projects\myrenderer\myrenderer\myrenderer\debug\link.6568-cvtres.write.1.tlog
c:\projects\myrenderer\myrenderer\myrenderer\debug\link.6568-rc.read.1.tlog
c:\projects\myrenderer\myrenderer\myrenderer\debug\link.6568-rc.write.1.tlog
c:\projects\myrenderer\myrenderer\myrenderer\debug\link.6568.read.1.tlog
c:\projects\myrenderer\myrenderer\myrenderer\debug\link.6568.write.1.tlog
c:\projects\myrenderer\myrenderer\myrenderer\debug\link.6572-cvtres.read.1.tlog
c:\projects\myrenderer\myrenderer\myrenderer\debug\link.6572-cvtres.write.1.tlog
c:\projects\myrenderer\myrenderer\myrenderer\debug\link.6572-rc.read.1.tlog
c:\projects\myrenderer\myrenderer\myrenderer\debug\link.6572-rc.write.1.tlog
c:\projects\myrenderer\myrenderer\myrenderer\debug\link.6572.read.1.tlog
c:\projects\myrenderer\myrenderer\myrenderer\debug\link.6572.write.1.tlog
c:\projects\myrenderer\myrenderer\myrenderer\debug\link.6612-cvtres.read.1.tlog
c:\projects\myrenderer\myrenderer\myrenderer\debug\link.6612-cvtres.write.1.tlog
c:\projects\myrenderer\myrenderer\myrenderer\debug\link.6612-rc.read.1.tlog
c:\projects\myrenderer\myrenderer\myrenderer\debug\link.6612-rc.write.1.tlog
c:\projects\myrenderer\myrenderer\myrenderer\debug\link.6612.read.1.tlog
c:\projects\myrenderer\myrenderer\myrenderer\debug\link.6612.write.1.tlog
c:\projects\myrenderer\myrenderer\myrenderer\debug\link.6624-cvtres.read.1.tlog
c:\projects\myrenderer\myrenderer\myrenderer\debug\link.6624-cvtres.write.1.tlog
c:\projects\myrenderer\myrenderer\myrenderer\debug\link.6624-rc.read.1.tlog
c:\projects\myrenderer\myrenderer\myrenderer\debug\link.6624-rc.write.1.tlog
c:\projects\myrenderer\myrenderer\myrenderer\debug\link.6624.read.1.tlog
c:\projects\myrenderer\myrenderer\myrenderer\debug\link.6624.write.1.tlog
c:\projects\myrenderer\myrenderer\myrenderer\debug\link.6664-cvtres.read.1.tlog
c:\projects\myrenderer\myrenderer\myrenderer\debug\link.6664-cvtres.write.1.tlog
c:\projects\myrenderer\myrenderer\myrenderer\debug\link.6664-rc.read.1.tlog
c:\projects\myrenderer\myrenderer\myrenderer\debug\link.6664-rc.write.1.tlog
c:\projects\myrenderer\myrenderer\myrenderer\debug\link.6664.read.1.tlog
c:\projects\myrenderer\myrenderer\myrenderer\debug\link.6664.write.1.tlog
c:\projects\myrenderer\myrenderer\myrenderer\debug\link.6840-cvtres.read.1.tlog
c:\projects\myrenderer\myrenderer\myrenderer\debug\link.6840-cvtres.write.1.tlog
c:\projects\myrenderer\myrenderer\myrenderer\debug\link.6840-rc.read.1.tlog
c:\projects\myrenderer\myrenderer\myrenderer\debug\link.6840-rc.write.1.tlog
c:\projects\myrenderer\myrenderer\myrenderer\debug\link.6840.read.1.tlog
c:\projects\myrenderer\myrenderer\myrenderer\debug\link.6840.write.1.tlog
c:\projects\myrenderer\myrenderer\myrenderer\debug\link.6856-cvtres.read.1.tlog
c:\projects\myrenderer\myrenderer\myrenderer\debug\link.6856-cvtres.write.1.tlog
c:\projects\myrenderer\myrenderer\myrenderer\debug\link.6856-rc.read.1.tlog
c:\projects\myrenderer\myrenderer\myrenderer\debug\link.6856-rc.write.1.tlog
c:\projects\myrenderer\myrenderer\myrenderer\debug\link.6856.read.1.tlog
c:\projects\myrenderer\myrenderer\myrenderer\debug\link.6856.write.1.tlog
c:\projects\myrenderer\myrenderer\myrenderer\debug\link.6876-cvtres.read.1.tlog
c:\projects\myrenderer\myrenderer\myrenderer\debug\link.6876-cvtres.write.1.tlog
c:\projects\myrenderer\myrenderer\myrenderer\debug\link.6876-rc.read.1.tlog
c:\projects\myrenderer\myrenderer\myrenderer\debug\link.6876-rc.write.1.tlog
c:\projects\myrenderer\myrenderer\myrenderer\debug\link.6876.read.1.tlog
c:\projects\myrenderer\myrenderer\myrenderer\debug\link.6876.write.1.tlog
c:\projects\myrenderer\myrenderer\myrenderer\debug\link.6916-cvtres.read.1.tlog
c:\projects\myrenderer\myrenderer\myrenderer\debug\link.6916-cvtres.write.1.tlog
c:\projects\myrenderer\myrenderer\myrenderer\debug\link.6916-rc.read.1.tlog
c:\projects\myrenderer\myrenderer\myrenderer\debug\link.6916-rc.write.1.tlog
c:\projects\myrenderer\myrenderer\myrenderer\debug\link.6916.read.1.tlog
c:\projects\myrenderer\myrenderer\myrenderer\debug\link.6916.write.1.tlog
c:\projects\myrenderer\myrenderer\myrenderer\debug\link.7140-cvtres.read.1.tlog
c:\projects\myrenderer\myrenderer\myrenderer\debug\link.7140-cvtres.write.1.tlog
c:\projects\myrenderer\myrenderer\myrenderer\debug\link.7140-rc.read.1.tlog
c:\projects\myrenderer\myrenderer\myrenderer\debug\link.7140-rc.write.1.tlog
c:\projects\myrenderer\myrenderer\myrenderer\debug\link.7140.read.1.tlog
c:\projects\myrenderer\myrenderer\myrenderer\debug\link.7140.write.1.tlog
c:\projects\myrenderer\myrenderer\myrenderer\debug\link.7152-cvtres.read.1.tlog
c:\projects\myrenderer\myrenderer\myrenderer\debug\link.7152-cvtres.write.1.tlog
c:\projects\myrenderer\myrenderer\myrenderer\debug\link.7152-rc.read.1.tlog
c:\projects\myrenderer\myrenderer\myrenderer\debug\link.7152-rc.write.1.tlog
c:\projects\myrenderer\myrenderer\myrenderer\debug\link.7152.read.1.tlog
c:\projects\myrenderer\myrenderer\myrenderer\debug\link.7152.write.1.tlog
c:\projects\myrenderer\myrenderer\myrenderer\debug\link.7196-cvtres.read.1.tlog
c:\projects\myrenderer\myrenderer\myrenderer\debug\link.7196-cvtres.write.1.tlog
c:\projects\myrenderer\myrenderer\myrenderer\debug\link.7196-rc.read.1.tlog
c:\projects\myrenderer\myrenderer\myrenderer\debug\link.7196-rc.write.1.tlog
c:\projects\myrenderer\myrenderer\myrenderer\debug\link.7196.read.1.tlog
c:\projects\myrenderer\myrenderer\myrenderer\debug\link.7196.write.1.tlog
c:\projects\myrenderer\myrenderer\myrenderer\debug\link.7240-cvtres.read.1.tlog
c:\projects\myrenderer\myrenderer\myrenderer\debug\link.7240-cvtres.write.1.tlog
c:\projects\myrenderer\myrenderer\myrenderer\debug\link.7240-rc.read.1.tlog
c:\projects\myrenderer\myrenderer\myrenderer\debug\link.7240-rc.write.1.tlog
c:\projects\myrenderer\myrenderer\myrenderer\debug\link.7240.read.1.tlog
c:\projects\myrenderer\myrenderer\myrenderer\debug\link.7240.write.1.tlog
c:\projects\myrenderer\myrenderer\myrenderer\debug\link.7344-cvtres.read.1.tlog
c:\projects\myrenderer\myrenderer\myrenderer\debug\link.7344-cvtres.write.1.tlog
c:\projects\myrenderer\myrenderer\myrenderer\debug\link.7344-rc.read.1.tlog
c:\projects\myrenderer\myrenderer\myrenderer\debug\link.7344-rc.write.1.tlog
c:\projects\myrenderer\myrenderer\myrenderer\debug\link.7344.read.1.tlog
c:\projects\myrenderer\myrenderer\myrenderer\debug\link.7344.write.1.tlog
c:\projects\myrenderer\myrenderer\myrenderer\debug\link.7348-cvtres.read.1.tlog
c:\projects\myrenderer\myrenderer\myrenderer\debug\link.7348-cvtres.write.1.tlog
c:\projects\myrenderer\myrenderer\myrenderer\debug\link.7348-rc.read.1.tlog
c:\projects\myrenderer\myrenderer\myrenderer\debug\link.7348-rc.write.1.tlog
c:\projects\myrenderer\myrenderer\myrenderer\debug\link.7348.read.1.tlog
c:\projects\myrenderer\myrenderer\myrenderer\debug\link.7348.write.1.tlog
c:\projects\myrenderer\myrenderer\myrenderer\debug\link.7372-cvtres.read.1.tlog
c:\projects\myrenderer\myrenderer\myrenderer\debug\link.7372-cvtres.write.1.tlog
c:\projects\myrenderer\myrenderer\myrenderer\debug\link.7372-rc.read.1.tlog
c:\projects\myrenderer\myrenderer\myrenderer\debug\link.7372-rc.write.1.tlog
c:\projects\myrenderer\myrenderer\myrenderer\debug\link.7372.read.1.tlog
c:\projects\myrenderer\myrenderer\myrenderer\debug\link.7372.write.1.tlog
c:\projects\myrenderer\myrenderer\myrenderer\debug\link.7412-cvtres.read.1.tlog
c:\projects\myrenderer\myrenderer\myrenderer\debug\link.7412-cvtres.write.1.tlog
c:\projects\myrenderer\myrenderer\myrenderer\debug\link.7412-rc.read.1.tlog
c:\projects\myrenderer\myrenderer\myrenderer\debug\link.7412-rc.write.1.tlog
c:\projects\myrenderer\myrenderer\myrenderer\debug\link.7412.read.1.tlog
c:\projects\myrenderer\myrenderer\myrenderer\debug\link.7412.write.1.tlog
c:\projects\myrenderer\myrenderer\myrenderer\debug\link.7424-cvtres.read.1.tlog
c:\projects\myrenderer\myrenderer\myrenderer\debug\link.7424-cvtres.write.1.tlog
c:\projects\myrenderer\myrenderer\myrenderer\debug\link.7424-rc.read.1.tlog
c:\projects\myrenderer\myrenderer\myrenderer\debug\link.7424-rc.write.1.tlog
c:\projects\myrenderer\myrenderer\myrenderer\debug\link.7424.read.1.tlog
c:\projects\myrenderer\myrenderer\myrenderer\debug\link.7424.write.1.tlog
c:\projects\myrenderer\myrenderer\myrenderer\debug\link.7464-cvtres.read.1.tlog
c:\projects\myrenderer\myrenderer\myrenderer\debug\link.7464-cvtres.write.1.tlog
c:\projects\myrenderer\myrenderer\myrenderer\debug\link.7464-rc.read.1.tlog
c:\projects\myrenderer\myrenderer\myrenderer\debug\link.7464-rc.write.1.tlog
c:\projects\myrenderer\myrenderer\myrenderer\debug\link.7464.read.1.tlog
c:\projects\myrenderer\myrenderer\myrenderer\debug\link.7464.write.1.tlog
c:\projects\myrenderer\myrenderer\myrenderer\debug\link.7588-cvtres.read.1.tlog
c:\projects\myrenderer\myrenderer\myrenderer\debug\link.7588-cvtres.write.1.tlog
c:\projects\myrenderer\myrenderer\myrenderer\debug\link.7588-rc.read.1.tlog
c:\projects\myrenderer\myrenderer\myrenderer\debug\link.7588-rc.write.1.tlog
c:\projects\myrenderer\myrenderer\myrenderer\debug\link.7588.read.1.tlog
c:\projects\myrenderer\myrenderer\myrenderer\debug\link.7588.write.1.tlog
c:\projects\myrenderer\myrenderer\myrenderer\debug\link.7660-cvtres.read.1.tlog
c:\projects\myrenderer\myrenderer\myrenderer\debug\link.7660-cvtres.write.1.tlog
c:\projects\myrenderer\myrenderer\myrenderer\debug\link.7660-rc.read.1.tlog
c:\projects\myrenderer\myrenderer\myrenderer\debug\link.7660-rc.write.1.tlog
c:\projects\myrenderer\myrenderer\myrenderer\debug\link.7660.read.1.tlog
c:\projects\myrenderer\myrenderer\myrenderer\debug\link.7660.write.1.tlog
c:\projects\myrenderer\myrenderer\myrenderer\debug\link.7776-cvtres.read.1.tlog
c:\projects\myrenderer\myrenderer\myrenderer\debug\link.7776-cvtres.write.1.tlog
c:\projects\myrenderer\myrenderer\myrenderer\debug\link.7776-rc.read.1.tlog
c:\projects\myrenderer\myrenderer\myrenderer\debug\link.7776-rc.write.1.tlog
c:\projects\myrenderer\myrenderer\myrenderer\debug\link.7776.read.1.tlog
c:\projects\myrenderer\myrenderer\myrenderer\debug\link.7776.write.1.tlog
c:\projects\myrenderer\myrenderer\myrenderer\debug\link.7796-cvtres.read.1.tlog
c:\projects\myrenderer\myrenderer\myrenderer\debug\link.7796-cvtres.write.1.tlog
c:\projects\myrenderer\myrenderer\myrenderer\debug\link.7796-rc.read.1.tlog
c:\projects\myrenderer\myrenderer\myrenderer\debug\link.7796-rc.write.1.tlog
c:\projects\myrenderer\myrenderer\myrenderer\debug\link.7796.read.1.tlog
c:\projects\myrenderer\myrenderer\myrenderer\debug\link.7796.write.1.tlog
c:\projects\myrenderer\myrenderer\myrenderer\debug\link.7824-cvtres.read.1.tlog
c:\projects\myrenderer\myrenderer\myrenderer\debug\link.7824-cvtres.write.1.tlog
c:\projects\myrenderer\myrenderer\myrenderer\debug\link.7824-rc.read.1.tlog
c:\projects\myrenderer\myrenderer\myrenderer\debug\link.7824-rc.write.1.tlog
c:\projects\myrenderer\myrenderer\myrenderer\debug\link.7824.read.1.tlog
c:\projects\myrenderer\myrenderer\myrenderer\debug\link.7824.write.1.tlog
c:\projects\myrenderer\myrenderer\myrenderer\debug\link.7836-cvtres.read.1.tlog
c:\projects\myrenderer\myrenderer\myrenderer\debug\link.7836-cvtres.write.1.tlog
c:\projects\myrenderer\myrenderer\myrenderer\debug\link.7836-rc.read.1.tlog
c:\projects\myrenderer\myrenderer\myrenderer\debug\link.7836-rc.write.1.tlog
c:\projects\myrenderer\myrenderer\myrenderer\debug\link.7836.read.1.tlog
c:\projects\myrenderer\myrenderer\myrenderer\debug\link.7836.write.1.tlog
c:\projects\myrenderer\myrenderer\myrenderer\debug\link.7840-cvtres.read.1.tlog
c:\projects\myrenderer\myrenderer\myrenderer\debug\link.7840-cvtres.write.1.tlog
c:\projects\myrenderer\myrenderer\myrenderer\debug\link.7840-rc.read.1.tlog
c:\projects\myrenderer\myrenderer\myrenderer\debug\link.7840-rc.write.1.tlog
c:\projects\myrenderer\myrenderer\myrenderer\debug\link.7840.read.1.tlog
c:\projects\myrenderer\myrenderer\myrenderer\debug\link.7840.write.1.tlog
c:\projects\myrenderer\myrenderer\myrenderer\debug\link.788-cvtres.read.1.tlog
c:\projects\myrenderer\myrenderer\myrenderer\debug\link.788-cvtres.write.1.tlog
c:\projects\myrenderer\myrenderer\myrenderer\debug\link.788-rc.read.1.tlog
c:\projects\myrenderer\myrenderer\myrenderer\debug\link.788-rc.write.1.tlog
c:\projects\myrenderer\myrenderer\myrenderer\debug\link.788.read.1.tlog
c:\projects\myrenderer\myrenderer\myrenderer\debug\link.788.write.1.tlog
c:\projects\myrenderer\myrenderer\myrenderer\debug\link.7940-cvtres.read.1.tlog
c:\projects\myrenderer\myrenderer\myrenderer\debug\link.7940-cvtres.write.1.tlog
c:\projects\myrenderer\myrenderer\myrenderer\debug\link.7940-rc.read.1.tlog
c:\projects\myrenderer\myrenderer\myrenderer\debug\link.7940-rc.write.1.tlog
c:\projects\myrenderer\myrenderer\myrenderer\debug\link.7940.read.1.tlog
c:\projects\myrenderer\myrenderer\myrenderer\debug\link.7940.write.1.tlog
c:\projects\myrenderer\myrenderer\myrenderer\debug\link.8168-cvtres.read.1.tlog
c:\projects\myrenderer\myrenderer\myrenderer\debug\link.8168-cvtres.write.1.tlog
c:\projects\myrenderer\myrenderer\myrenderer\debug\link.8168-rc.read.1.tlog
c:\projects\myrenderer\myrenderer\myrenderer\debug\link.8168-rc.write.1.tlog
c:\projects\myrenderer\myrenderer\myrenderer\debug\link.8168.read.1.tlog
c:\projects\myrenderer\myrenderer\myrenderer\debug\link.8168.write.1.tlog
c:\projects\myrenderer\myrenderer\myrenderer\debug\link.8204-cvtres.read.1.tlog
c:\projects\myrenderer\myrenderer\myrenderer\debug\link.8204-cvtres.write.1.tlog
c:\projects\myrenderer\myrenderer\myrenderer\debug\link.8204-rc.read.1.tlog
c:\projects\myrenderer\myrenderer\myrenderer\debug\link.8204-rc.write.1.tlog
c:\projects\myrenderer\myrenderer\myrenderer\debug\link.8204.read.1.tlog
c:\projects\myrenderer\myrenderer\myrenderer\debug\link.8204.write.1.tlog
c:\projects\myrenderer\myrenderer\myrenderer\debug\link.8224-cvtres.read.1.tlog
c:\projects\myrenderer\myrenderer\myrenderer\debug\link.8224-cvtres.write.1.tlog
c:\projects\myrenderer\myrenderer\myrenderer\debug\link.8224-rc.read.1.tlog
c:\projects\myrenderer\myrenderer\myrenderer\debug\link.8224-rc.write.1.tlog
c:\projects\myrenderer\myrenderer\myrenderer\debug\link.8224.read.1.tlog
c:\projects\myrenderer\myrenderer\myrenderer\debug\link.8224.write.1.tlog
c:\projects\myrenderer\myrenderer\myrenderer\debug\link.824-cvtres.read.1.tlog
c:\projects\myrenderer\myrenderer\myrenderer\debug\link.824-cvtres.write.1.tlog
c:\projects\myrenderer\myrenderer\myrenderer\debug\link.824-rc.read.1.tlog
c:\projects\myrenderer\myrenderer\myrenderer\debug\link.824-rc.write.1.tlog
c:\projects\myrenderer\myrenderer\myrenderer\debug\link.824.read.1.tlog
c:\projects\myrenderer\myrenderer\myrenderer\debug\link.824.write.1.tlog
c:\projects\myrenderer\myrenderer\myrenderer\debug\link.8312-cvtres.read.1.tlog
c:\projects\myrenderer\myrenderer\myrenderer\debug\link.8312-cvtres.write.1.tlog
c:\projects\myrenderer\myrenderer\myrenderer\debug\link.8312-rc.read.1.tlog
c:\projects\myrenderer\myrenderer\myrenderer\debug\link.8312-rc.write.1.tlog
c:\projects\myrenderer\myrenderer\myrenderer\debug\link.8312.read.1.tlog
c:\projects\myrenderer\myrenderer\myrenderer\debug\link.8312.write.1.tlog
c:\projects\myrenderer\myrenderer\myrenderer\debug\link.8388-cvtres.read.1.tlog
c:\projects\myrenderer\myrenderer\myrenderer\debug\link.8388-cvtres.write.1.tlog
c:\projects\myrenderer\myrenderer\myrenderer\debug\link.8388-rc.read.1.tlog
c:\projects\myrenderer\myrenderer\myrenderer\debug\link.8388-rc.write.1.tlog
c:\projects\myrenderer\myrenderer\myrenderer\debug\link.8388.read.1.tlog
c:\projects\myrenderer\myrenderer\myrenderer\debug\link.8388.write.1.tlog
c:\projects\myrenderer\myrenderer\myrenderer\debug\link.8468-cvtres.read.1.tlog
c:\projects\myrenderer\myrenderer\myrenderer\debug\link.8468-cvtres.write.1.tlog
c:\projects\myrenderer\myrenderer\myrenderer\debug\link.8468-rc.read.1.tlog
c:\projects\myrenderer\myrenderer\myrenderer\debug\link.8468-rc.write.1.tlog
c:\projects\myrenderer\myrenderer\myrenderer\debug\link.8468.read.1.tlog
c:\projects\myrenderer\myrenderer\myrenderer\debug\link.8468.write.1.tlog
c:\projects\myrenderer\myrenderer\myrenderer\debug\link.8496-cvtres.read.1.tlog
c:\projects\myrenderer\myrenderer\myrenderer\debug\link.8496-cvtres.write.1.tlog
c:\projects\myrenderer\myrenderer\myrenderer\debug\link.8496-rc.read.1.tlog
c:\projects\myrenderer\myrenderer\myrenderer\debug\link.8496-rc.write.1.tlog
c:\projects\myrenderer\myrenderer\myrenderer\debug\link.8496.read.1.tlog
c:\projects\myrenderer\myrenderer\myrenderer\debug\link.8496.write.1.tlog
c:\projects\myrenderer\myrenderer\myrenderer\debug\link.876-cvtres.read.1.tlog
c:\projects\myrenderer\myrenderer\myrenderer\debug\link.876-cvtres.write.1.tlog
c:\projects\myrenderer\myrenderer\myrenderer\debug\link.876-rc.read.1.tlog
c:\projects\myrenderer\myrenderer\myrenderer\debug\link.876-rc.write.1.tlog
c:\projects\myrenderer\myrenderer\myrenderer\debug\link.876.read.1.tlog
c:\projects\myrenderer\myrenderer\myrenderer\debug\link.876.write.1.tlog
c:\projects\myrenderer\myrenderer\myrenderer\debug\link.8788-cvtres.read.1.tlog
c:\projects\myrenderer\myrenderer\myrenderer\debug\link.8788-cvtres.write.1.tlog
c:\projects\myrenderer\myrenderer\myrenderer\debug\link.8788-rc.read.1.tlog
c:\projects\myrenderer\myrenderer\myrenderer\debug\link.8788-rc.write.1.tlog
c:\projects\myrenderer\myrenderer\myrenderer\debug\link.8788.read.1.tlog
c:\projects\myrenderer\myrenderer\myrenderer\debug\link.8788.write.1.tlog
c:\projects\myrenderer\myrenderer\myrenderer\debug\link.8960-cvtres.read.1.tlog
c:\projects\myrenderer\myrenderer\myrenderer\debug\link.8960-cvtres.write.1.tlog
c:\projects\myrenderer\myrenderer\myrenderer\debug\link.8960-rc.read.1.tlog
c:\projects\myrenderer\myrenderer\myrenderer\debug\link.8960-rc.write.1.tlog
c:\projects\myrenderer\myrenderer\myrenderer\debug\link.8960.read.1.tlog
c:\projects\myrenderer\myrenderer\myrenderer\debug\link.8960.write.1.tlog
c:\projects\myrenderer\myrenderer\myrenderer\debug\link.9052-cvtres.read.1.tlog
c:\projects\myrenderer\myrenderer\myrenderer\debug\link.9052-cvtres.write.1.tlog
c:\projects\myrenderer\myrenderer\myrenderer\debug\link.9052-rc.read.1.tlog
c:\projects\myrenderer\myrenderer\myrenderer\debug\link.9052-rc.write.1.tlog
c:\projects\myrenderer\myrenderer\myrenderer\debug\link.9052.read.1.tlog
c:\projects\myrenderer\myrenderer\myrenderer\debug\link.9052.write.1.tlog
c:\projects\myrenderer\myrenderer\myrenderer\debug\link.9124-cvtres.read.1.tlog
c:\projects\myrenderer\myrenderer\myrenderer\debug\link.9124-cvtres.write.1.tlog
c:\projects\myrenderer\myrenderer\myrenderer\debug\link.9124-rc.read.1.tlog
c:\projects\myrenderer\myrenderer\myrenderer\debug\link.9124-rc.write.1.tlog
c:\projects\myrenderer\myrenderer\myrenderer\debug\link.9124.read.1.tlog
c:\projects\myrenderer\myrenderer\myrenderer\debug\link.9124.write.1.tlog
c:\projects\myrenderer\myrenderer\myrenderer\debug\link.9172-cvtres.read.1.tlog
c:\projects\myrenderer\myrenderer\myrenderer\debug\link.9172-cvtres.write.1.tlog
c:\projects\myrenderer\myrenderer\myrenderer\debug\link.9172-rc.read.1.tlog
c:\projects\myrenderer\myrenderer\myrenderer\debug\link.9172-rc.write.1.tlog
c:\projects\myrenderer\myrenderer\myrenderer\debug\link.9172.read.1.tlog
c:\projects\myrenderer\myrenderer\myrenderer\debug\link.9172.write.1.tlog
c:\projects\myrenderer\myrenderer\myrenderer\debug\link.9344-cvtres.read.1.tlog
c:\projects\myrenderer\myrenderer\myrenderer\debug\link.9344-cvtres.write.1.tlog
c:\projects\myrenderer\myrenderer\myrenderer\debug\link.9344-rc.read.1.tlog
c:\projects\myrenderer\myrenderer\myrenderer\debug\link.9344-rc.write.1.tlog
c:\projects\myrenderer\myrenderer\myrenderer\debug\link.9344.read.1.tlog
c:\projects\myrenderer\myrenderer\myrenderer\debug\link.9344.write.1.tlog
c:\projects\myrenderer\myrenderer\myrenderer\debug\link.9740-cvtres.read.1.tlog
c:\projects\myrenderer\myrenderer\myrenderer\debug\link.9740-cvtres.write.1.tlog
c:\projects\myrenderer\myrenderer\myrenderer\debug\link.9740-rc.read.1.tlog
c:\projects\myrenderer\myrenderer\myrenderer\debug\link.9740-rc.write.1.tlog
c:\projects\myrenderer\myrenderer\myrenderer\debug\link.9740.read.1.tlog
c:\projects\myrenderer\myrenderer\myrenderer\debug\link.9740.write.1.tlog
c:\projects\myrenderer\myrenderer\myrenderer\debug\link.command.1.tlog
c:\projects\myrenderer\myrenderer\myrenderer\debug\link.read.1.tlog
c:\projects\myrenderer\myrenderer\myrenderer\debug\link.write.1.tlog
c:\projects\myrenderer\myrenderer\myrenderer\debug\vc110.idb
c:\projects\myrenderer\myrenderer\myrenderer\debug\vc110.pdb
c:\projects\myrenderer\myrenderer\debug\myrenderer.pdb
c:\projects\myrenderer\myrenderer\myrenderer\debug\myrenderer.tlog\cl.command.1.tlog
c:\projects\myrenderer\myrenderer\myrenderer\debug\myrenderer.tlog\cl.read.1.tlog
c:\projects\myrenderer\myrenderer\myrenderer\debug\myrenderer.tlog\cl.write.1.tlog
c:\projects\myrenderer\myrenderer\myrenderer\debug\myrenderer.tlog\link.command.1.tlog
c:\projects\myrenderer\myrenderer\myrenderer\debug\myrenderer.tlog\link.read.1.tlog
c:\projects\myrenderer\myrenderer\myrenderer\debug\myrenderer.tlog\link.write.1.tlog
