d:\myrenderer\myrenderer\myrenderer\release\myrmath.obj
d:\myrenderer\myrenderer\myrenderer\release\myrender.obj
d:\myrenderer\myrenderer\myrenderer\release\main.obj
d:\myrenderer\myrenderer\myrenderer\release\vc110.pdb
d:\myrenderer\myrenderer\release\myrenderer.exe
d:\myrenderer\myrenderer\release\myrenderer.pdb
c:\projects\myrenderer\myrenderer\myrenderer\release\vc140.pdb
c:\projects\myrenderer\myrenderer\myrenderer\release\myrmath.obj
c:\projects\myrenderer\myrenderer\myrenderer\release\myrender.obj
c:\projects\myrenderer\myrenderer\myrenderer\release\main.obj
c:\projects\myrenderer\myrenderer\release\myrenderer.exe
c:\projects\myrenderer\myrenderer\release\myrenderer.ipdb
c:\projects\myrenderer\myrenderer\release\myrenderer.iobj
c:\projects\myrenderer\myrenderer\release\myrenderer.pdb
c:\projects\myrenderer\myrenderer\myrenderer\release\cl.command.1.tlog
c:\projects\myrenderer\myrenderer\myrenderer\release\cl.read.1.tlog
c:\projects\myrenderer\myrenderer\myrenderer\release\cl.write.1.tlog
c:\projects\myrenderer\myrenderer\myrenderer\release\link-cvtres.read.1.tlog
c:\projects\myrenderer\myrenderer\myrenderer\release\link-cvtres.write.1.tlog
c:\projects\myrenderer\myrenderer\myrenderer\release\link-rc.read.1.tlog
c:\projects\myrenderer\myrenderer\myrenderer\release\link-rc.write.1.tlog
c:\projects\myrenderer\myrenderer\myrenderer\release\link.command.1.tlog
c:\projects\myrenderer\myrenderer\myrenderer\release\link.read.1.tlog
c:\projects\myrenderer\myrenderer\myrenderer\release\link.write.1.tlog
c:\projects\myrenderer\myrenderer\myrenderer\release\vc110.pdb
c:\projects\myrenderer\myrenderer\myrenderer\release\myrenderer.tlog\cl.command.1.tlog
c:\projects\myrenderer\myrenderer\myrenderer\release\myrenderer.tlog\cl.read.1.tlog
c:\projects\myrenderer\myrenderer\myrenderer\release\myrenderer.tlog\cl.write.1.tlog
c:\projects\myrenderer\myrenderer\myrenderer\release\myrenderer.tlog\link.command.1.tlog
c:\projects\myrenderer\myrenderer\myrenderer\release\myrenderer.tlog\link.read.1.tlog
c:\projects\myrenderer\myrenderer\myrenderer\release\myrenderer.tlog\link.write.1.tlog
